Build started 5. 11. 2017 18:08:59.
     1>Project "C:\Users\User\Documents\GitHub\S3Algorithm\S3Algorithm\S3Algorithm\S3Algorithm.vcxproj" on node 2 (Build target(s)).
     1>ClCompile:
         C:\Program Files (x86)\Microsoft Visual Studio 11.0\VC\bin\CL.exe /c /AI"C:\Program Files (x86)\Reference Assemblies\Microsoft\Framework\.NETFramework\v4.5\\" /AI"C:\Program Files (x86)\Windows Kits\8.0\References\CommonConfiguration\Neutral" /AI"C:\Program Files (x86)\Reference Assemblies\Microsoft\Framework\.NETFramework\v4.5\Facades\\" /Zi /clr /nologo /W3 /WX- /Od /Oy- /D WIN32 /D _DEBUG /D _WINDLL /D _UNICODE /D UNICODE /EHa /MDd /GS /fp:precise /Zc:wchar_t /Zc:forScope /Yu"stdafx.h" /Fp"Debug\S3Algorithm.pch" /Fo"Debug\\" /Fd"Debug\vc110.pdb" /TP /FU"C:\Program Files (x86)\Reference Assemblies\Microsoft\Framework\.NETFramework\v4.5\mscorlib.dll" /FU"C:\Program Files (x86)\Reference Assemblies\Microsoft\Framework\.NETFramework\v4.5\System.Data.dll" /FU"C:\Program Files (x86)\Reference Assemblies\Microsoft\Framework\.NETFramework\v4.5\System.dll" /FU"C:\Program Files (x86)\Reference Assemblies\Microsoft\Framework\.NETFramework\v4.5\System.Xml.dll" /analyze- /errorReport:prompt /clr:nostdlib S1.cpp S3.cpp
         S1.cpp
     1>c:\users\user\documents\github\s3algorithm\s3algorithm\s3algorithm\LargeBlock.h(73): warning C4018: '<=' : signed/unsigned mismatch
     1>c:\users\user\documents\github\s3algorithm\s3algorithm\s3algorithm\S1.h(55): warning C4244: 'argument' : conversion from 'double' to 'int', possible loss of data
         S3.cpp
     1>c:\users\user\documents\github\s3algorithm\s3algorithm\s3algorithm\LargeBlock.h(73): warning C4018: '<=' : signed/unsigned mismatch
     1>c:\users\user\documents\github\s3algorithm\s3algorithm\s3algorithm\S1.h(55): warning C4244: 'argument' : conversion from 'double' to 'int', possible loss of data
     1>S3.cpp(141): warning C4101: 'clock' : unreferenced local variable
     1>S3.cpp(191): warning C4244: '=' : conversion from 'double' to 'BYTE', possible loss of data
         Generating Code...
       Link:
         C:\Program Files (x86)\Microsoft Visual Studio 11.0\VC\bin\link.exe /ERRORREPORT:PROMPT /OUT:"C:\Users\User\Documents\GitHub\S3Algorithm\S3Algorithm\Debug\S3Algorithm.dll" /INCREMENTAL /NOLOGO kernel32.lib user32.lib gdi32.lib winspool.lib comdlg32.lib advapi32.lib shell32.lib ole32.lib oleaut32.lib uuid.lib odbc32.lib odbccp32.lib /MANIFEST /MANIFESTUAC:"level='asInvoker' uiAccess='false'" /manifest:embed /DEBUG /PDB:"C:\Users\User\Documents\GitHub\S3Algorithm\S3Algorithm\Debug\S3Algorithm.pdb" /ASSEMBLYDEBUG /TLBID:1 /DYNAMICBASE /FIXED:NO /NXCOMPAT /MACHINE:X86 /DLL Debug\app.res
         Debug\AssemblyInfo.obj
         Debug\Block.obj
         Debug\FFT2D.obj
         Debug\ImageHandler.obj
         Debug\LargeBlock.obj
         Debug\LinearRegression.obj
         Debug\MagnitudeSpectrum.obj
         Debug\RadialFrequency.obj
         Debug\S1.obj
         Debug\S2.obj
         Debug\S3.obj
         Debug\S3Algorithm.obj
         Debug\Stdafx.obj
         "Debug\.NETFramework,Version=v4.5.AssemblyAttributes.obj"
            Creating library C:\Users\User\Documents\GitHub\S3Algorithm\S3Algorithm\Debug\S3Algorithm.lib and object C:\Users\User\Documents\GitHub\S3Algorithm\S3Algorithm\Debug\S3Algorithm.exp
         S3Algorithm.vcxproj -> C:\Users\User\Documents\GitHub\S3Algorithm\S3Algorithm\Debug\S3Algorithm.dll
     1>Done Building Project "C:\Users\User\Documents\GitHub\S3Algorithm\S3Algorithm\S3Algorithm\S3Algorithm.vcxproj" (Build target(s)).

Build succeeded.

Time Elapsed 00:00:15.77
