Build started 9. 11. 2017 17:13:16.
     1>Project "C:\Users\User\Documents\GitHub\S3Algorithm\S3Algorithm\SharpnessMap\SharpnessMap.vcxproj" on node 2 (Build target(s)).
     1>ClCompile:
         C:\Program Files (x86)\Microsoft Visual Studio 11.0\VC\bin\CL.exe /c /IC:\Users\User\Documents\GitHub\S3Algorithm\S3Algorithm\\S3Algorithm /Zi /nologo /W3 /WX- /sdl /O2 /Oi /Oy- /GL /D WIN32 /D NDEBUG /D _CONSOLE /D _UNICODE /D UNICODE /Gm- /EHsc /MD /GS /Gy /fp:precise /Zc:wchar_t /Zc:forScope /Yu"stdafx.h" /Fp"Release\SharpnessMap.pch" /Fo"Release\\" /Fd"Release\vc110.pdb" /Gd /TP /analyze- /errorReport:prompt SharpnessMap.cpp
         SharpnessMap.cpp
     1>SharpnessMap.cpp(24): warning C4129: '.' : unrecognized character escape sequence
     1>SharpnessMap.cpp(29): warning C4129: '.' : unrecognized character escape sequence
     1>SharpnessMap.cpp(44): warning C4129: '.' : unrecognized character escape sequence
     1>SharpnessMap.cpp(49): warning C4129: '.' : unrecognized character escape sequence
     1>SharpnessMap.cpp(60): warning C4018: '<' : signed/unsigned mismatch
     1>SharpnessMap.cpp(74): warning C4129: '.' : unrecognized character escape sequence
     1>SharpnessMap.cpp(218): warning C4129: '.' : unrecognized character escape sequence
     1>SharpnessMap.cpp(235): warning C4129: '.' : unrecognized character escape sequence
     1>SharpnessMap.cpp(266): warning C4129: '.' : unrecognized character escape sequence
     1>SharpnessMap.cpp(272): warning C4129: '.' : unrecognized character escape sequence
     1>SharpnessMap.cpp(308): warning C4129: '.' : unrecognized character escape sequence
       Link:
         C:\Program Files (x86)\Microsoft Visual Studio 11.0\VC\bin\link.exe /ERRORREPORT:PROMPT /OUT:"C:\Users\User\Documents\GitHub\S3Algorithm\S3Algorithm\Release\SharpnessMap.exe" /INCREMENTAL:NO /NOLOGO C:\Users\User\Documents\GitHub\S3Algorithm\S3Algorithm\\Release\S3Algorithm.lib /MANIFEST /MANIFESTUAC:"level='asInvoker' uiAccess='false'" /manifest:embed /DEBUG /PDB:"C:\Users\User\Documents\GitHub\S3Algorithm\S3Algorithm\Release\SharpnessMap.pdb" /SUBSYSTEM:CONSOLE /OPT:REF /OPT:ICF /LTCG /TLBID:1 /DYNAMICBASE /NXCOMPAT /IMPLIB:"C:\Users\User\Documents\GitHub\S3Algorithm\S3Algorithm\Release\SharpnessMap.lib" /MACHINE:X86 /SAFESEH Release\SharpnessMap.obj
         Release\stdafx.obj
            Creating library C:\Users\User\Documents\GitHub\S3Algorithm\S3Algorithm\Release\SharpnessMap.lib and object C:\Users\User\Documents\GitHub\S3Algorithm\S3Algorithm\Release\SharpnessMap.exp
         Generating code
         Finished generating code
         SharpnessMap.vcxproj -> C:\Users\User\Documents\GitHub\S3Algorithm\S3Algorithm\Release\SharpnessMap.exe
     1>Done Building Project "C:\Users\User\Documents\GitHub\S3Algorithm\S3Algorithm\SharpnessMap\SharpnessMap.vcxproj" (Build target(s)).

Build succeeded.

Time Elapsed 00:00:02.25
