Build started 9. 11. 2017 17:41:02.
     1>Project "C:\Users\User\Documents\GitHub\S3Algorithm\S3Algorithm\SharpnessMap\SharpnessMap.vcxproj" on node 2 (Build target(s)).
     1>ClCompile:
         C:\Program Files (x86)\Microsoft Visual Studio 11.0\VC\bin\CL.exe /c /IC:\Users\User\Documents\GitHub\S3Algorithm\S3Algorithm\\S3Algorithm /ZI /nologo /W3 /WX- /sdl /Od /Oy- /D WIN32 /D _DEBUG /D _CONSOLE /D _UNICODE /D UNICODE /Gm /EHsc /RTC1 /MDd /GS /fp:precise /Zc:wchar_t /Zc:forScope /Yu"stdafx.h" /Fp"Debug\SharpnessMap.pch" /Fo"Debug\\" /Fd"Debug\vc110.pdb" /Gd /TP /analyze- /errorReport:prompt SharpnessMap.cpp
         SharpnessMap.cpp
     1>c:\users\user\documents\github\s3algorithm\s3algorithm\sharpnessmap\sharpnessmap.cpp(24): warning C4129: '.' : unrecognized character escape sequence
     1>c:\users\user\documents\github\s3algorithm\s3algorithm\sharpnessmap\sharpnessmap.cpp(29): warning C4129: '.' : unrecognized character escape sequence
     1>c:\users\user\documents\github\s3algorithm\s3algorithm\sharpnessmap\sharpnessmap.cpp(44): warning C4129: '.' : unrecognized character escape sequence
     1>c:\users\user\documents\github\s3algorithm\s3algorithm\sharpnessmap\sharpnessmap.cpp(49): warning C4129: '.' : unrecognized character escape sequence
     1>c:\users\user\documents\github\s3algorithm\s3algorithm\sharpnessmap\sharpnessmap.cpp(60): warning C4018: '<' : signed/unsigned mismatch
     1>c:\users\user\documents\github\s3algorithm\s3algorithm\sharpnessmap\sharpnessmap.cpp(74): warning C4129: '.' : unrecognized character escape sequence
     1>c:\users\user\documents\github\s3algorithm\s3algorithm\sharpnessmap\sharpnessmap.cpp(218): warning C4129: '.' : unrecognized character escape sequence
     1>c:\users\user\documents\github\s3algorithm\s3algorithm\sharpnessmap\sharpnessmap.cpp(235): warning C4129: '.' : unrecognized character escape sequence
     1>c:\users\user\documents\github\s3algorithm\s3algorithm\sharpnessmap\sharpnessmap.cpp(266): warning C4129: '.' : unrecognized character escape sequence
     1>c:\users\user\documents\github\s3algorithm\s3algorithm\sharpnessmap\sharpnessmap.cpp(272): warning C4129: '.' : unrecognized character escape sequence
     1>c:\users\user\documents\github\s3algorithm\s3algorithm\sharpnessmap\sharpnessmap.cpp(308): warning C4129: '.' : unrecognized character escape sequence
       Link:
         C:\Program Files (x86)\Microsoft Visual Studio 11.0\VC\bin\link.exe /ERRORREPORT:PROMPT /OUT:"C:\Users\User\Documents\GitHub\S3Algorithm\S3Algorithm\Debug\SharpnessMap.exe" /INCREMENTAL /NOLOGO C:\Users\User\Documents\GitHub\S3Algorithm\S3Algorithm\\Debug\S3Algorithm.lib /MANIFEST /MANIFESTUAC:"level='asInvoker' uiAccess='false'" /manifest:embed /DEBUG /PDB:"C:\Users\User\Documents\GitHub\S3Algorithm\S3Algorithm\Debug\SharpnessMap.pdb" /SUBSYSTEM:CONSOLE /TLBID:1 /DYNAMICBASE /NXCOMPAT /IMPLIB:"C:\Users\User\Documents\GitHub\S3Algorithm\S3Algorithm\Debug\SharpnessMap.lib" /MACHINE:X86 Debug\SharpnessMap.obj
         Debug\stdafx.obj
            Creating library C:\Users\User\Documents\GitHub\S3Algorithm\S3Algorithm\Debug\SharpnessMap.lib and object C:\Users\User\Documents\GitHub\S3Algorithm\S3Algorithm\Debug\SharpnessMap.exp
         SharpnessMap.vcxproj -> C:\Users\User\Documents\GitHub\S3Algorithm\S3Algorithm\Debug\SharpnessMap.exe
     1>Done Building Project "C:\Users\User\Documents\GitHub\S3Algorithm\S3Algorithm\SharpnessMap\SharpnessMap.vcxproj" (Build target(s)).

Build succeeded.

Time Elapsed 00:00:11.05
